<?xml version="1.0" encoding="UTF-8"?>
<!-- Generated by org.testng.reporters.JUnitReportReporter -->
<testsuite hostname="Shivams-Laptop" failures="0" tests="1" name="Flipkart.HomePageTest" time="37.520" errors="0" timestamp="2023-04-11T12:24:49 IST" skipped="0">
  <testcase classname="Flipkart.HomePageTest" name="SearchPhoneAndClickOnByNow" time="37.520"/>
  <system-out/>
</testsuite> <!-- Flipkart.HomePageTest -->
