<?xml version="1.0" encoding="UTF-8"?>
<!-- Generated by org.testng.reporters.JUnitReportReporter -->
<testsuite hostname="DESKTOP-MSMTDPB" failures="0" tests="2" name="Flipkart.HomePageTest" time="64.482" errors="0" timestamp="2023-03-25T13:39:04 IST" skipped="0">
  <testcase classname="Flipkart.HomePageTest" name="SearchProduct" time="29.824"/>
  <system-out/>
  <testcase classname="Flipkart.HomePageTest" name="CloseLoginPopUp" time="34.658"/>
  <system-out/>
</testsuite> <!-- Flipkart.HomePageTest -->
